# JRE version: Java(TM) SE Runtime Environment (8.0_341-b10) (build 1.8.0_341-b10)
# Java VM: Java HotSpot(TM) 64-Bit Server VM (25.341-b10 mixed mode windows-amd64 compressed oops)
Heap:
 PSYoungGen      total 420352K, used 2570K [0x00000000d6780000, 0x00000000f2000000, 0x0000000100000000)
  eden space 400896K, 0% used [0x00000000d6780000,0x00000000d6780000,0x00000000eef00000)
  from space 19456K, 13% used [0x00000000f0200000,0x00000000f0482a30,0x00000000f1500000)
  to   space 19456K, 0% used [0x00000000eef00000,0x00000000eef00000,0x00000000f0200000)
 ParOldGen       total 71168K, used 38000K [0x0000000083600000, 0x0000000087b80000, 0x00000000d6780000)
  object space 71168K, 53% used [0x0000000083600000,0x0000000085b1c398,0x0000000087b80000)
 Metaspace       used 56489K, capacity 59052K, committed 59136K, reserved 1101824K
  class space    used 7176K, capacity 7664K, committed 7680K, reserved 1048576K
GC Heap History (10 events):
Event: 9.781 GC heap after
Heap after GC invocations=12 (full 1):
 PSYoungGen      total 209408K, used 7614K [0x00000000d6780000, 0x00000000e9c00000, 0x0000000100000000)
  eden space 196096K, 0% used [0x00000000d6780000,0x00000000d6780000,0x00000000e2700000)
  from space 13312K, 57% used [0x00000000e2700000,0x00000000e2e6fa20,0x00000000e3400000)
  to   space 12800K, 0% used [0x00000000e8f80000,0x00000000e8f80000,0x00000000e9c00000)
 ParOldGen       total 47616K, used 19017K [0x0000000083600000, 0x0000000086480000, 0x00000000d6780000)
  object space 47616K, 39% used [0x0000000083600000,0x0000000084892580,0x0000000086480000)
 Metaspace       used 34139K, capacity 35428K, committed 35496K, reserved 1081344K
  class space    used 4344K, capacity 4608K, committed 4608K, reserved 1048576K
}
Event: 9.781 GC heap before
{Heap before GC invocations=13 (full 2):
 PSYoungGen      total 209408K, used 7614K [0x00000000d6780000, 0x00000000e9c00000, 0x0000000100000000)
  eden space 196096K, 0% used [0x00000000d6780000,0x00000000d6780000,0x00000000e2700000)
  from space 13312K, 57% used [0x00000000e2700000,0x00000000e2e6fa20,0x00000000e3400000)
  to   space 12800K, 0% used [0x00000000e8f80000,0x00000000e8f80000,0x00000000e9c00000)
 ParOldGen       total 47616K, used 19017K [0x0000000083600000, 0x0000000086480000, 0x00000000d6780000)
  object space 47616K, 39% used [0x0000000083600000,0x0000000084892580,0x0000000086480000)
 Metaspace       used 34139K, capacity 35428K, committed 35496K, reserved 1081344K
  class space    used 4344K, capacity 4608K, committed 4608K, reserved 1048576K
Event: 9.831 GC heap after
Heap after GC invocations=13 (full 2):
 PSYoungGen      total 209408K, used 0K [0x00000000d6780000, 0x00000000e9c00000, 0x0000000100000000)
  eden space 196096K, 0% used [0x00000000d6780000,0x00000000d6780000,0x00000000e2700000)
  from space 13312K, 0% used [0x00000000e2700000,0x00000000e2700000,0x00000000e3400000)
  to   space 12800K, 0% used [0x00000000e8f80000,0x00000000e8f80000,0x00000000e9c00000)
 ParOldGen       total 71168K, used 19764K [0x0000000083600000, 0x0000000087b80000, 0x00000000d6780000)
  object space 71168K, 27% used [0x0000000083600000,0x000000008494d060,0x0000000087b80000)
 Metaspace       used 34139K, capacity 35428K, committed 35496K, reserved 1081344K
  class space    used 4344K, capacity 4608K, committed 4608K, reserved 1048576K
}
Event: 12.440 GC heap before
{Heap before GC invocations=14 (full 2):
 PSYoungGen      total 209408K, used 196096K [0x00000000d6780000, 0x00000000e9c00000, 0x0000000100000000)
  eden space 196096K, 100% used [0x00000000d6780000,0x00000000e2700000,0x00000000e2700000)
  from space 13312K, 0% used [0x00000000e2700000,0x00000000e2700000,0x00000000e3400000)
  to   space 12800K, 0% used [0x00000000e8f80000,0x00000000e8f80000,0x00000000e9c00000)
 ParOldGen       total 71168K, used 19764K [0x0000000083600000, 0x0000000087b80000, 0x00000000d6780000)
  object space 71168K, 27% used [0x0000000083600000,0x000000008494d060,0x0000000087b80000)
 Metaspace       used 40879K, capacity 42720K, committed 42752K, reserved 1087488K
  class space    used 5253K, capacity 5610K, committed 5632K, reserved 1048576K
Event: 12.466 GC heap after
Heap after GC invocations=14 (full 2):
 PSYoungGen      total 295424K, used 12652K [0x00000000d6780000, 0x00000000e9c00000, 0x0000000100000000)
  eden space 282624K, 0% used [0x00000000d6780000,0x00000000d6780000,0x00000000e7b80000)
  from space 12800K, 98% used [0x00000000e8f80000,0x00000000e9bdb120,0x00000000e9c00000)
  to   space 14336K, 0% used [0x00000000e8000000,0x00000000e8000000,0x00000000e8e00000)
 ParOldGen       total 71168K, used 19772K [0x0000000083600000, 0x0000000087b80000, 0x00000000d6780000)
  object space 71168K, 27% used [0x0000000083600000,0x000000008494f060,0x0000000087b80000)
 Metaspace       used 40879K, capacity 42720K, committed 42752K, reserved 1087488K
  class space    used 5253K, capacity 5610K, committed 5632K, reserved 1048576K
}
Event: 18.442 GC heap before
{Heap before GC invocations=15 (full 2):
 PSYoungGen      total 295424K, used 295276K [0x00000000d6780000, 0x00000000e9c00000, 0x0000000100000000)
  eden space 282624K, 100% used [0x00000000d6780000,0x00000000e7b80000,0x00000000e7b80000)
  from space 12800K, 98% used [0x00000000e8f80000,0x00000000e9bdb120,0x00000000e9c00000)
  to   space 14336K, 0% used [0x00000000e8000000,0x00000000e8000000,0x00000000e8e00000)
 ParOldGen       total 71168K, used 19772K [0x0000000083600000, 0x0000000087b80000, 0x00000000d6780000)
  object space 71168K, 27% used [0x0000000083600000,0x000000008494f060,0x0000000087b80000)
 Metaspace       used 54625K, capacity 57220K, committed 57344K, reserved 1099776K
  class space    used 6919K, capacity 7400K, committed 7424K, reserved 1048576K
Event: 18.491 GC heap after
Heap after GC invocations=15 (full 2):
 PSYoungGen      total 301568K, used 14312K [0x00000000d6780000, 0x00000000f1500000, 0x0000000100000000)
  eden space 287232K, 0% used [0x00000000d6780000,0x00000000d6780000,0x00000000e8000000)
  from space 14336K, 99% used [0x00000000e8000000,0x00000000e8dfa390,0x00000000e8e00000)
  to   space 19456K, 0% used [0x00000000f0200000,0x00000000f0200000,0x00000000f1500000)
 ParOldGen       total 71168K, used 28696K [0x0000000083600000, 0x0000000087b80000, 0x00000000d6780000)
  object space 71168K, 40% used [0x0000000083600000,0x0000000085206268,0x0000000087b80000)
 Metaspace       used 54625K, capacity 57220K, committed 57344K, reserved 1099776K
  class space    used 6919K, capacity 7400K, committed 7424K, reserved 1048576K
}
Event: 19.059 GC heap before
{Heap before GC invocations=16 (full 2):
 PSYoungGen      total 301568K, used 63793K [0x00000000d6780000, 0x00000000f1500000, 0x0000000100000000)
  eden space 287232K, 17% used [0x00000000d6780000,0x00000000d97d2140,0x00000000e8000000)
  from space 14336K, 99% used [0x00000000e8000000,0x00000000e8dfa390,0x00000000e8e00000)
  to   space 19456K, 0% used [0x00000000f0200000,0x00000000f0200000,0x00000000f1500000)
 ParOldGen       total 71168K, used 28696K [0x0000000083600000, 0x0000000087b80000, 0x00000000d6780000)
  object space 71168K, 40% used [0x0000000083600000,0x0000000085206268,0x0000000087b80000)
 Metaspace       used 56489K, capacity 59052K, committed 59136K, reserved 1101824K
  class space    used 7176K, capacity 7664K, committed 7680K, reserved 1048576K
Event: 19.078 GC heap after
Heap after GC invocations=16 (full 2):
 PSYoungGen      total 420352K, used 2570K [0x00000000d6780000, 0x00000000f2000000, 0x0000000100000000)
  eden space 400896K, 0% used [0x00000000d6780000,0x00000000d6780000,0x00000000eef00000)
  from space 19456K, 13% used [0x00000000f0200000,0x00000000f0482a30,0x00000000f1500000)
  to   space 19456K, 0% used [0x00000000eef00000,0x00000000eef00000,0x00000000f0200000)
 ParOldGen       total 71168K, used 38000K [0x0000000083600000, 0x0000000087b80000, 0x00000000d6780000)
  object space 71168K, 53% used [0x0000000083600000,0x0000000085b1c398,0x0000000087b80000)
 Metaspace       used 56489K, capacity 59052K, committed 59136K, reserved 1101824K
  class space    used 7176K, capacity 7664K, committed 7680K, reserved 1048576K
}
Event: 19.078 GC heap before
{Heap before GC invocations=17 (full 3):
 PSYoungGen      total 420352K, used 2570K [0x00000000d6780000, 0x00000000f2000000, 0x0000000100000000)
  eden space 400896K, 0% used [0x00000000d6780000,0x00000000d6780000,0x00000000eef00000)
  from space 19456K, 13% used [0x00000000f0200000,0x00000000f0482a30,0x00000000f1500000)
  to   space 19456K, 0% used [0x00000000eef00000,0x00000000eef00000,0x00000000f0200000)
 ParOldGen       total 71168K, used 38000K [0x0000000083600000, 0x0000000087b80000, 0x00000000d6780000)
  object space 71168K, 53% used [0x0000000083600000,0x0000000085b1c398,0x0000000087b80000)
 Metaspace       used 56489K, capacity 59052K, committed 59136K, reserved 1101824K
  class space    used 7176K, capacity 7664K, committed 7680K, reserved 1048576K

