# JRE version: Java(TM) SE Runtime Environment (8.0_341-b10) (build 1.8.0_341-b10)
# Java VM: Java HotSpot(TM) 64-Bit Server VM (25.341-b10 mixed mode windows-amd64 compressed oops)
Heap:
 PSYoungGen      total 612352K, used 195017K [0x00000000d6780000, 0x0000000100000000, 0x0000000100000000)
  eden space 540672K, 36% used [0x00000000d6780000,0x00000000e25f2720,0x00000000f7780000)
  from space 71680K, 0% used [0x00000000fba00000,0x00000000fba00000,0x0000000100000000)
  to   space 68096K, 0% used [0x00000000f7780000,0x00000000f7780000,0x00000000fba00000)
 ParOldGen       total 302592K, used 169400K [0x0000000083600000, 0x0000000095d80000, 0x00000000d6780000)
  object space 302592K, 55% used [0x0000000083600000,0x000000008db6e030,0x0000000095d80000)
 Metaspace       used 109599K, capacity 114466K, committed 114688K, reserved 1150976K
  class space    used 13174K, capacity 13996K, committed 14080K, reserved 1048576K
GC Heap History (10 events):
Event: 20.516 GC heap before
{Heap before GC invocations=19 (full 3):
 PSYoungGen      total 658944K, used 658943K [0x00000000d6780000, 0x0000000100000000, 0x0000000100000000)
  eden space 637952K, 100% used [0x00000000d6780000,0x00000000fd680000,0x00000000fd680000)
  from space 20992K, 99% used [0x00000000fd680000,0x00000000feaffe28,0x00000000feb00000)
  to   space 21504K, 0% used [0x00000000feb00000,0x00000000feb00000,0x0000000100000000)
 ParOldGen       total 95744K, used 48653K [0x0000000083600000, 0x0000000089380000, 0x00000000d6780000)
  object space 95744K, 50% used [0x0000000083600000,0x0000000086583520,0x0000000089380000)
 Metaspace       used 94286K, capacity 98536K, committed 98560K, reserved 1136640K
  class space    used 11539K, capacity 12278K, committed 12288K, reserved 1048576K
Event: 20.589 GC heap after
Heap after GC invocations=19 (full 3):
 PSYoungGen      total 549376K, used 21498K [0x00000000d6780000, 0x0000000100000000, 0x0000000100000000)
  eden space 527872K, 0% used [0x00000000d6780000,0x00000000d6780000,0x00000000f6b00000)
  from space 21504K, 99% used [0x00000000feb00000,0x00000000ffffeba8,0x0000000100000000)
  to   space 76288K, 0% used [0x00000000f6b00000,0x00000000f6b00000,0x00000000fb580000)
 ParOldGen       total 177664K, used 175759K [0x0000000083600000, 0x000000008e380000, 0x00000000d6780000)
  object space 177664K, 98% used [0x0000000083600000,0x000000008e1a3e48,0x000000008e380000)
 Metaspace       used 94286K, capacity 98536K, committed 98560K, reserved 1136640K
  class space    used 11539K, capacity 12278K, committed 12288K, reserved 1048576K
}
Event: 20.589 GC heap before
{Heap before GC invocations=20 (full 4):
 PSYoungGen      total 549376K, used 21498K [0x00000000d6780000, 0x0000000100000000, 0x0000000100000000)
  eden space 527872K, 0% used [0x00000000d6780000,0x00000000d6780000,0x00000000f6b00000)
  from space 21504K, 99% used [0x00000000feb00000,0x00000000ffffeba8,0x0000000100000000)
  to   space 76288K, 0% used [0x00000000f6b00000,0x00000000f6b00000,0x00000000fb580000)
 ParOldGen       total 177664K, used 175759K [0x0000000083600000, 0x000000008e380000, 0x00000000d6780000)
  object space 177664K, 98% used [0x0000000083600000,0x000000008e1a3e48,0x000000008e380000)
 Metaspace       used 94286K, capacity 98536K, committed 98560K, reserved 1136640K
  class space    used 11539K, capacity 12278K, committed 12288K, reserved 1048576K
Event: 20.953 GC heap after
Heap after GC invocations=20 (full 4):
 PSYoungGen      total 549376K, used 1942K [0x00000000d6780000, 0x0000000100000000, 0x0000000100000000)
  eden space 527872K, 0% used [0x00000000d6780000,0x00000000d6780000,0x00000000f6b00000)
  from space 21504K, 9% used [0x00000000feb00000,0x00000000fece59f0,0x0000000100000000)
  to   space 76288K, 0% used [0x00000000f6b00000,0x00000000f6b00000,0x00000000fb580000)
 ParOldGen       total 302592K, used 177382K [0x0000000083600000, 0x0000000095d80000, 0x00000000d6780000)
  object space 302592K, 58% used [0x0000000083600000,0x000000008e339ae0,0x0000000095d80000)
 Metaspace       used 94136K, capacity 98296K, committed 98560K, reserved 1136640K
  class space    used 11517K, capacity 12238K, committed 12288K, reserved 1048576K
}
Event: 80.947 GC heap before
{Heap before GC invocations=21 (full 4):
 PSYoungGen      total 549376K, used 529814K [0x00000000d6780000, 0x0000000100000000, 0x0000000100000000)
  eden space 527872K, 100% used [0x00000000d6780000,0x00000000f6b00000,0x00000000f6b00000)
  from space 21504K, 9% used [0x00000000feb00000,0x00000000fece59f0,0x0000000100000000)
  to   space 76288K, 0% used [0x00000000f6b00000,0x00000000f6b00000,0x00000000fb580000)
 ParOldGen       total 302592K, used 177382K [0x0000000083600000, 0x0000000095d80000, 0x00000000d6780000)
  object space 302592K, 58% used [0x0000000083600000,0x000000008e339ae0,0x0000000095d80000)
 Metaspace       used 104342K, capacity 108860K, committed 108928K, reserved 1144832K
  class space    used 12609K, capacity 13374K, committed 13440K, reserved 1048576K
Event: 80.986 GC heap after
Heap after GC invocations=21 (full 4):
 PSYoungGen      total 604160K, used 21782K [0x00000000d6780000, 0x0000000100000000, 0x0000000100000000)
  eden space 527872K, 0% used [0x00000000d6780000,0x00000000d6780000,0x00000000f6b00000)
  from space 76288K, 28% used [0x00000000f6b00000,0x00000000f80458c0,0x00000000fb580000)
  to   space 71680K, 0% used [0x00000000fba00000,0x00000000fba00000,0x0000000100000000)
 ParOldGen       total 302592K, used 179351K [0x0000000083600000, 0x0000000095d80000, 0x00000000d6780000)
  object space 302592K, 59% used [0x0000000083600000,0x000000008e525ed0,0x0000000095d80000)
 Metaspace       used 104342K, capacity 108860K, committed 108928K, reserved 1144832K
  class space    used 12609K, capacity 13374K, committed 13440K, reserved 1048576K
}
Event: 712.662 GC heap before
{Heap before GC invocations=22 (full 4):
 PSYoungGen      total 604160K, used 509533K [0x00000000d6780000, 0x0000000100000000, 0x0000000100000000)
  eden space 527872K, 92% used [0x00000000d6780000,0x00000000f43d1d78,0x00000000f6b00000)
  from space 76288K, 28% used [0x00000000f6b00000,0x00000000f80458c0,0x00000000fb580000)
  to   space 71680K, 0% used [0x00000000fba00000,0x00000000fba00000,0x0000000100000000)
 ParOldGen       total 302592K, used 179351K [0x0000000083600000, 0x0000000095d80000, 0x00000000d6780000)
  object space 302592K, 59% used [0x0000000083600000,0x000000008e525ed0,0x0000000095d80000)
 Metaspace       used 108918K, capacity 113694K, committed 113792K, reserved 1148928K
  class space    used 13100K, capacity 13920K, committed 13952K, reserved 1048576K
Event: 712.739 GC heap after
Heap after GC invocations=22 (full 4):
 PSYoungGen      total 612352K, used 20389K [0x00000000d6780000, 0x0000000100000000, 0x0000000100000000)
  eden space 540672K, 0% used [0x00000000d6780000,0x00000000d6780000,0x00000000f7780000)
  from space 71680K, 28% used [0x00000000fba00000,0x00000000fcde96c0,0x0000000100000000)
  to   space 68096K, 0% used [0x00000000f7780000,0x00000000f7780000,0x00000000fba00000)
 ParOldGen       total 302592K, used 179359K [0x0000000083600000, 0x0000000095d80000, 0x00000000d6780000)
  object space 302592K, 59% used [0x0000000083600000,0x000000008e527ed0,0x0000000095d80000)
 Metaspace       used 108918K, capacity 113694K, committed 113792K, reserved 1148928K
  class space    used 13100K, capacity 13920K, committed 13952K, reserved 1048576K
}
Event: 712.739 GC heap before
{Heap before GC invocations=23 (full 5):
 PSYoungGen      total 612352K, used 20389K [0x00000000d6780000, 0x0000000100000000, 0x0000000100000000)
  eden space 540672K, 0% used [0x00000000d6780000,0x00000000d6780000,0x00000000f7780000)
  from space 71680K, 28% used [0x00000000fba00000,0x00000000fcde96c0,0x0000000100000000)
  to   space 68096K, 0% used [0x00000000f7780000,0x00000000f7780000,0x00000000fba00000)
 ParOldGen       total 302592K, used 179359K [0x0000000083600000, 0x0000000095d80000, 0x00000000d6780000)
  object space 302592K, 59% used [0x0000000083600000,0x000000008e527ed0,0x0000000095d80000)
 Metaspace       used 108918K, capacity 113694K, committed 113792K, reserved 1148928K
  class space    used 13100K, capacity 13920K, committed 13952K, reserved 1048576K
Event: 713.433 GC heap after
Heap after GC invocations=23 (full 5):
 PSYoungGen      total 612352K, used 0K [0x00000000d6780000, 0x0000000100000000, 0x0000000100000000)
  eden space 540672K, 0% used [0x00000000d6780000,0x00000000d6780000,0x00000000f7780000)
  from space 71680K, 0% used [0x00000000fba00000,0x00000000fba00000,0x0000000100000000)
  to   space 68096K, 0% used [0x00000000f7780000,0x00000000f7780000,0x00000000fba00000)
 ParOldGen       total 302592K, used 169400K [0x0000000083600000, 0x0000000095d80000, 0x00000000d6780000)
  object space 302592K, 55% used [0x0000000083600000,0x000000008db6e030,0x0000000095d80000)
 Metaspace       used 108918K, capacity 113694K, committed 113792K, reserved 1148928K
  class space    used 13100K, capacity 13920K, committed 13952K, reserved 1048576K
}

