# JRE version: Java(TM) SE Runtime Environment (8.0_341-b10) (build 1.8.0_341-b10)
# Java VM: Java HotSpot(TM) 64-Bit Server VM (25.341-b10 mixed mode windows-amd64 compressed oops)
Heap:
 PSYoungGen      total 387072K, used 289414K [0x00000000d6780000, 0x00000000f0c80000, 0x0000000100000000)
  eden space 345088K, 83% used [0x00000000d6780000,0x00000000e82219b8,0x00000000eb880000)
  from space 41984K, 0% used [0x00000000ee380000,0x00000000ee380000,0x00000000f0c80000)
  to   space 43008K, 0% used [0x00000000eb880000,0x00000000eb880000,0x00000000ee280000)
 ParOldGen       total 309760K, used 159752K [0x0000000083600000, 0x0000000096480000, 0x00000000d6780000)
  object space 309760K, 51% used [0x0000000083600000,0x000000008d2022d0,0x0000000096480000)
 Metaspace       used 115355K, capacity 121060K, committed 122280K, reserved 1157120K
  class space    used 13552K, capacity 14482K, committed 14772K, reserved 1048576K
GC Heap History (10 events):
Event: 6656.130 GC heap before
{Heap before GC invocations=31 (full 4):
 PSYoungGen      total 420864K, used 408288K [0x00000000d6780000, 0x00000000f4400000, 0x0000000100000000)
  eden space 391680K, 99% used [0x00000000d6780000,0x00000000ee580a20,0x00000000ee600000)
  from space 29184K, 58% used [0x00000000f2780000,0x00000000f3837710,0x00000000f4400000)
  to   space 48128K, 0% used [0x00000000ee600000,0x00000000ee600000,0x00000000f1500000)
 ParOldGen       total 309760K, used 180902K [0x0000000083600000, 0x0000000096480000, 0x00000000d6780000)
  object space 309760K, 58% used [0x0000000083600000,0x000000008e6a9b68,0x0000000096480000)
 Metaspace       used 113342K, capacity 118872K, committed 119080K, reserved 1155072K
  class space    used 13397K, capacity 14346K, committed 14388K, reserved 1048576K
Event: 6656.243 GC heap after
Heap after GC invocations=31 (full 4):
 PSYoungGen      total 399360K, used 23694K [0x00000000d6780000, 0x00000000f3000000, 0x0000000100000000)
  eden space 375296K, 0% used [0x00000000d6780000,0x00000000d6780000,0x00000000ed600000)
  from space 24064K, 98% used [0x00000000ee600000,0x00000000efd23be0,0x00000000efd80000)
  to   space 46080K, 0% used [0x00000000f0300000,0x00000000f0300000,0x00000000f3000000)
 ParOldGen       total 309760K, used 180910K [0x0000000083600000, 0x0000000096480000, 0x00000000d6780000)
  object space 309760K, 58% used [0x0000000083600000,0x000000008e6abb68,0x0000000096480000)
 Metaspace       used 113342K, capacity 118872K, committed 119080K, reserved 1155072K
  class space    used 13397K, capacity 14346K, committed 14388K, reserved 1048576K
}
Event: 6902.655 GC heap before
{Heap before GC invocations=32 (full 4):
 PSYoungGen      total 399360K, used 398990K [0x00000000d6780000, 0x00000000f3000000, 0x0000000100000000)
  eden space 375296K, 100% used [0x00000000d6780000,0x00000000ed600000,0x00000000ed600000)
  from space 24064K, 98% used [0x00000000ee600000,0x00000000efd23be0,0x00000000efd80000)
  to   space 46080K, 0% used [0x00000000f0300000,0x00000000f0300000,0x00000000f3000000)
 ParOldGen       total 309760K, used 180910K [0x0000000083600000, 0x0000000096480000, 0x00000000d6780000)
  object space 309760K, 58% used [0x0000000083600000,0x000000008e6abb68,0x0000000096480000)
 Metaspace       used 114670K, capacity 120394K, committed 120488K, reserved 1155072K
  class space    used 13495K, capacity 14460K, committed 14516K, reserved 1048576K
Event: 6902.800 GC heap after
Heap after GC invocations=32 (full 4):
 PSYoungGen      total 390656K, used 27659K [0x00000000d6780000, 0x00000000f2100000, 0x0000000100000000)
  eden space 359936K, 0% used [0x00000000d6780000,0x00000000d6780000,0x00000000ec700000)
  from space 30720K, 90% used [0x00000000f0300000,0x00000000f1e02dd8,0x00000000f2100000)
  to   space 46080K, 0% used [0x00000000ec700000,0x00000000ec700000,0x00000000ef400000)
 ParOldGen       total 309760K, used 180918K [0x0000000083600000, 0x0000000096480000, 0x00000000d6780000)
  object space 309760K, 58% used [0x0000000083600000,0x000000008e6adb68,0x0000000096480000)
 Metaspace       used 114670K, capacity 120394K, committed 120488K, reserved 1155072K
  class space    used 13495K, capacity 14460K, committed 14516K, reserved 1048576K
}
Event: 7254.096 GC heap before
{Heap before GC invocations=33 (full 4):
 PSYoungGen      total 390656K, used 387595K [0x00000000d6780000, 0x00000000f2100000, 0x0000000100000000)
  eden space 359936K, 100% used [0x00000000d6780000,0x00000000ec700000,0x00000000ec700000)
  from space 30720K, 90% used [0x00000000f0300000,0x00000000f1e02dd8,0x00000000f2100000)
  to   space 46080K, 0% used [0x00000000ec700000,0x00000000ec700000,0x00000000ef400000)
 ParOldGen       total 309760K, used 180918K [0x0000000083600000, 0x0000000096480000, 0x00000000d6780000)
  object space 309760K, 58% used [0x0000000083600000,0x000000008e6adb68,0x0000000096480000)
 Metaspace       used 114960K, capacity 120850K, committed 121000K, reserved 1155072K
  class space    used 13525K, capacity 14512K, committed 14516K, reserved 1048576K
Event: 7254.279 GC heap after
Heap after GC invocations=33 (full 4):
 PSYoungGen      total 366592K, used 21025K [0x00000000d6780000, 0x00000000f0e80000, 0x0000000100000000)
  eden space 345088K, 0% used [0x00000000d6780000,0x00000000d6780000,0x00000000eb880000)
  from space 21504K, 97% used [0x00000000ec700000,0x00000000edb88788,0x00000000edc00000)
  to   space 44032K, 0% used [0x00000000ee380000,0x00000000ee380000,0x00000000f0e80000)
 ParOldGen       total 309760K, used 180926K [0x0000000083600000, 0x0000000096480000, 0x00000000d6780000)
  object space 309760K, 58% used [0x0000000083600000,0x000000008e6afb68,0x0000000096480000)
 Metaspace       used 114960K, capacity 120850K, committed 121000K, reserved 1155072K
  class space    used 13525K, capacity 14512K, committed 14516K, reserved 1048576K
}
Event: 7769.670 GC heap before
{Heap before GC invocations=34 (full 4):
 PSYoungGen      total 366592K, used 340694K [0x00000000d6780000, 0x00000000f0e80000, 0x0000000100000000)
  eden space 345088K, 92% used [0x00000000d6780000,0x00000000e9fad168,0x00000000eb880000)
  from space 21504K, 97% used [0x00000000ec700000,0x00000000edb88788,0x00000000edc00000)
  to   space 44032K, 0% used [0x00000000ee380000,0x00000000ee380000,0x00000000f0e80000)
 ParOldGen       total 309760K, used 180926K [0x0000000083600000, 0x0000000096480000, 0x00000000d6780000)
  object space 309760K, 58% used [0x0000000083600000,0x000000008e6afb68,0x0000000096480000)
 Metaspace       used 115226K, capacity 121196K, committed 121384K, reserved 1157120K
  class space    used 13572K, capacity 14572K, committed 14644K, reserved 1048576K
Event: 7769.851 GC heap after
Heap after GC invocations=34 (full 4):
 PSYoungGen      total 387072K, used 16435K [0x00000000d6780000, 0x00000000f0c80000, 0x0000000100000000)
  eden space 345088K, 0% used [0x00000000d6780000,0x00000000d6780000,0x00000000eb880000)
  from space 41984K, 39% used [0x00000000ee380000,0x00000000ef38ce08,0x00000000f0c80000)
  to   space 43008K, 0% used [0x00000000eb880000,0x00000000eb880000,0x00000000ee280000)
 ParOldGen       total 309760K, used 180934K [0x0000000083600000, 0x0000000096480000, 0x00000000d6780000)
  object space 309760K, 58% used [0x0000000083600000,0x000000008e6b1b68,0x0000000096480000)
 Metaspace       used 115226K, capacity 121196K, committed 121384K, reserved 1157120K
  class space    used 13572K, capacity 14572K, committed 14644K, reserved 1048576K
}
Event: 7769.851 GC heap before
{Heap before GC invocations=35 (full 5):
 PSYoungGen      total 387072K, used 16435K [0x00000000d6780000, 0x00000000f0c80000, 0x0000000100000000)
  eden space 345088K, 0% used [0x00000000d6780000,0x00000000d6780000,0x00000000eb880000)
  from space 41984K, 39% used [0x00000000ee380000,0x00000000ef38ce08,0x00000000f0c80000)
  to   space 43008K, 0% used [0x00000000eb880000,0x00000000eb880000,0x00000000ee280000)
 ParOldGen       total 309760K, used 180934K [0x0000000083600000, 0x0000000096480000, 0x00000000d6780000)
  object space 309760K, 58% used [0x0000000083600000,0x000000008e6b1b68,0x0000000096480000)
 Metaspace       used 115226K, capacity 121196K, committed 121384K, reserved 1157120K
  class space    used 13572K, capacity 14572K, committed 14644K, reserved 1048576K
Event: 7771.193 GC heap after
Heap after GC invocations=35 (full 5):
 PSYoungGen      total 387072K, used 0K [0x00000000d6780000, 0x00000000f0c80000, 0x0000000100000000)
  eden space 345088K, 0% used [0x00000000d6780000,0x00000000d6780000,0x00000000eb880000)
  from space 41984K, 0% used [0x00000000ee380000,0x00000000ee380000,0x00000000f0c80000)
  to   space 43008K, 0% used [0x00000000eb880000,0x00000000eb880000,0x00000000ee280000)
 ParOldGen       total 309760K, used 159752K [0x0000000083600000, 0x0000000096480000, 0x00000000d6780000)
  object space 309760K, 51% used [0x0000000083600000,0x000000008d2022d0,0x0000000096480000)
 Metaspace       used 114410K, capacity 119838K, committed 121384K, reserved 1157120K
  class space    used 13436K, capacity 14327K, committed 14644K, reserved 1048576K
}

