# JRE version: Java(TM) SE Runtime Environment (8.0_341-b10) (build 1.8.0_341-b10)
# Java VM: Java HotSpot(TM) 64-Bit Server VM (25.341-b10 mixed mode windows-amd64 compressed oops)
Heap:
 PSYoungGen      total 611840K, used 33594K [0x00000000d6780000, 0x0000000100000000, 0x0000000100000000)
  eden space 541184K, 6% used [0x00000000d6780000,0x00000000d884e930,0x00000000f7800000)
  from space 70656K, 0% used [0x00000000fbb00000,0x00000000fbb00000,0x0000000100000000)
  to   space 68608K, 0% used [0x00000000f7800000,0x00000000f7800000,0x00000000fbb00000)
 ParOldGen       total 292352K, used 172258K [0x0000000083600000, 0x0000000095380000, 0x00000000d6780000)
  object space 292352K, 58% used [0x0000000083600000,0x000000008de38980,0x0000000095380000)
 Metaspace       used 111456K, capacity 116916K, committed 117248K, reserved 1153024K
  class space    used 13345K, capacity 14270K, committed 14336K, reserved 1048576K
GC Heap History (10 events):
Event: 22.793 GC heap before
{Heap before GC invocations=19 (full 3):
 PSYoungGen      total 658944K, used 658917K [0x00000000d6780000, 0x0000000100000000, 0x0000000100000000)
  eden space 637952K, 100% used [0x00000000d6780000,0x00000000fd680000,0x00000000fd680000)
  from space 20992K, 99% used [0x00000000fd680000,0x00000000feaf9598,0x00000000feb00000)
  to   space 21504K, 0% used [0x00000000feb00000,0x00000000feb00000,0x0000000100000000)
 ParOldGen       total 96256K, used 48365K [0x0000000083600000, 0x0000000089400000, 0x00000000d6780000)
  object space 96256K, 50% used [0x0000000083600000,0x000000008653b5d0,0x0000000089400000)
 Metaspace       used 93080K, capacity 97272K, committed 97408K, reserved 1134592K
  class space    used 11370K, capacity 12096K, committed 12160K, reserved 1048576K
Event: 23.278 GC heap after
Heap after GC invocations=19 (full 3):
 PSYoungGen      total 552448K, used 21502K [0x00000000d6780000, 0x0000000100000000, 0x0000000100000000)
  eden space 530944K, 0% used [0x00000000d6780000,0x00000000d6780000,0x00000000f6e00000)
  from space 21504K, 99% used [0x00000000feb00000,0x00000000fffff940,0x0000000100000000)
  to   space 74752K, 0% used [0x00000000f6e00000,0x00000000f6e00000,0x00000000fb700000)
 ParOldGen       total 172032K, used 172018K [0x0000000083600000, 0x000000008de00000, 0x00000000d6780000)
  object space 172032K, 99% used [0x0000000083600000,0x000000008ddfc8d8,0x000000008de00000)
 Metaspace       used 93080K, capacity 97272K, committed 97408K, reserved 1134592K
  class space    used 11370K, capacity 12096K, committed 12160K, reserved 1048576K
}
Event: 23.280 GC heap before
{Heap before GC invocations=20 (full 4):
 PSYoungGen      total 552448K, used 21502K [0x00000000d6780000, 0x0000000100000000, 0x0000000100000000)
  eden space 530944K, 0% used [0x00000000d6780000,0x00000000d6780000,0x00000000f6e00000)
  from space 21504K, 99% used [0x00000000feb00000,0x00000000fffff940,0x0000000100000000)
  to   space 74752K, 0% used [0x00000000f6e00000,0x00000000f6e00000,0x00000000fb700000)
 ParOldGen       total 172032K, used 172018K [0x0000000083600000, 0x000000008de00000, 0x00000000d6780000)
  object space 172032K, 99% used [0x0000000083600000,0x000000008ddfc8d8,0x000000008de00000)
 Metaspace       used 93080K, capacity 97272K, committed 97408K, reserved 1134592K
  class space    used 11370K, capacity 12096K, committed 12160K, reserved 1048576K
Event: 24.141 GC heap after
Heap after GC invocations=20 (full 4):
 PSYoungGen      total 552448K, used 7382K [0x00000000d6780000, 0x0000000100000000, 0x0000000100000000)
  eden space 530944K, 0% used [0x00000000d6780000,0x00000000d6780000,0x00000000f6e00000)
  from space 21504K, 34% used [0x00000000feb00000,0x00000000ff235a18,0x0000000100000000)
  to   space 74752K, 0% used [0x00000000f6e00000,0x00000000f6e00000,0x00000000fb700000)
 ParOldGen       total 292352K, used 171962K [0x0000000083600000, 0x0000000095380000, 0x00000000d6780000)
  object space 292352K, 58% used [0x0000000083600000,0x000000008ddeebf0,0x0000000095380000)
 Metaspace       used 92930K, capacity 97032K, committed 97408K, reserved 1134592K
  class space    used 11348K, capacity 12056K, committed 12160K, reserved 1048576K
}
Event: 35.522 GC heap before
{Heap before GC invocations=21 (full 4):
 PSYoungGen      total 552448K, used 538326K [0x00000000d6780000, 0x0000000100000000, 0x0000000100000000)
  eden space 530944K, 100% used [0x00000000d6780000,0x00000000f6e00000,0x00000000f6e00000)
  from space 21504K, 34% used [0x00000000feb00000,0x00000000ff235a18,0x0000000100000000)
  to   space 74752K, 0% used [0x00000000f6e00000,0x00000000f6e00000,0x00000000fb700000)
 ParOldGen       total 292352K, used 171962K [0x0000000083600000, 0x0000000095380000, 0x00000000d6780000)
  object space 292352K, 58% used [0x0000000083600000,0x000000008ddeebf0,0x0000000095380000)
 Metaspace       used 103242K, capacity 107654K, committed 108032K, reserved 1144832K
  class space    used 12435K, capacity 13203K, committed 13312K, reserved 1048576K
Event: 35.663 GC heap after
Heap after GC invocations=21 (full 4):
 PSYoungGen      total 605696K, used 20583K [0x00000000d6780000, 0x0000000100000000, 0x0000000100000000)
  eden space 530944K, 0% used [0x00000000d6780000,0x00000000d6780000,0x00000000f6e00000)
  from space 74752K, 27% used [0x00000000f6e00000,0x00000000f8219e10,0x00000000fb700000)
  to   space 70656K, 0% used [0x00000000fbb00000,0x00000000fbb00000,0x0000000100000000)
 ParOldGen       total 292352K, used 179059K [0x0000000083600000, 0x0000000095380000, 0x00000000d6780000)
  object space 292352K, 61% used [0x0000000083600000,0x000000008e4dcc40,0x0000000095380000)
 Metaspace       used 103242K, capacity 107654K, committed 108032K, reserved 1144832K
  class space    used 12435K, capacity 13203K, committed 13312K, reserved 1048576K
}
Event: 107.897 GC heap before
{Heap before GC invocations=22 (full 4):
 PSYoungGen      total 605696K, used 413227K [0x00000000d6780000, 0x0000000100000000, 0x0000000100000000)
  eden space 530944K, 73% used [0x00000000d6780000,0x00000000ee6f1100,0x00000000f6e00000)
  from space 74752K, 27% used [0x00000000f6e00000,0x00000000f8219e10,0x00000000fb700000)
  to   space 70656K, 0% used [0x00000000fbb00000,0x00000000fbb00000,0x0000000100000000)
 ParOldGen       total 292352K, used 179059K [0x0000000083600000, 0x0000000095380000, 0x00000000d6780000)
  object space 292352K, 61% used [0x0000000083600000,0x000000008e4dcc40,0x0000000095380000)
 Metaspace       used 111405K, capacity 116758K, committed 116992K, reserved 1153024K
  class space    used 13342K, capacity 14266K, committed 14336K, reserved 1048576K
Event: 107.948 GC heap after
Heap after GC invocations=22 (full 4):
 PSYoungGen      total 611840K, used 8943K [0x00000000d6780000, 0x0000000100000000, 0x0000000100000000)
  eden space 541184K, 0% used [0x00000000d6780000,0x00000000d6780000,0x00000000f7800000)
  from space 70656K, 12% used [0x00000000fbb00000,0x00000000fc3bbd68,0x0000000100000000)
  to   space 68608K, 0% used [0x00000000f7800000,0x00000000f7800000,0x00000000fbb00000)
 ParOldGen       total 292352K, used 192797K [0x0000000083600000, 0x0000000095380000, 0x00000000d6780000)
  object space 292352K, 65% used [0x0000000083600000,0x000000008f247648,0x0000000095380000)
 Metaspace       used 111405K, capacity 116758K, committed 116992K, reserved 1153024K
  class space    used 13342K, capacity 14266K, committed 14336K, reserved 1048576K
}
Event: 107.948 GC heap before
{Heap before GC invocations=23 (full 5):
 PSYoungGen      total 611840K, used 8943K [0x00000000d6780000, 0x0000000100000000, 0x0000000100000000)
  eden space 541184K, 0% used [0x00000000d6780000,0x00000000d6780000,0x00000000f7800000)
  from space 70656K, 12% used [0x00000000fbb00000,0x00000000fc3bbd68,0x0000000100000000)
  to   space 68608K, 0% used [0x00000000f7800000,0x00000000f7800000,0x00000000fbb00000)
 ParOldGen       total 292352K, used 192797K [0x0000000083600000, 0x0000000095380000, 0x00000000d6780000)
  object space 292352K, 65% used [0x0000000083600000,0x000000008f247648,0x0000000095380000)
 Metaspace       used 111405K, capacity 116758K, committed 116992K, reserved 1153024K
  class space    used 13342K, capacity 14266K, committed 14336K, reserved 1048576K
Event: 108.551 GC heap after
Heap after GC invocations=23 (full 5):
 PSYoungGen      total 611840K, used 0K [0x00000000d6780000, 0x0000000100000000, 0x0000000100000000)
  eden space 541184K, 0% used [0x00000000d6780000,0x00000000d6780000,0x00000000f7800000)
  from space 70656K, 0% used [0x00000000fbb00000,0x00000000fbb00000,0x0000000100000000)
  to   space 68608K, 0% used [0x00000000f7800000,0x00000000f7800000,0x00000000fbb00000)
 ParOldGen       total 292352K, used 172258K [0x0000000083600000, 0x0000000095380000, 0x00000000d6780000)
  object space 292352K, 58% used [0x0000000083600000,0x000000008de38980,0x0000000095380000)
 Metaspace       used 111405K, capacity 116758K, committed 116992K, reserved 1153024K
  class space    used 13342K, capacity 14266K, committed 14336K, reserved 1048576K
}

